<?xml version="1.0" encoding="UTF-8"?>
<coverage generated="1718024413882" clover="3.2.0">
  <project timestamp="1718024413882" name="All files">
    <metrics statements="34" coveredstatements="32" conditionals="9" coveredconditionals="9" methods="6" coveredmethods="5" elements="49" coveredelements="46" complexity="0" loc="34" ncloc="34" packages="1" files="1" classes="1"/>
    <file name="uuid.ts" path="/home/ledrake/files/systems_programming/systems_programming_lib/src/functionality/uuid.ts">
      <metrics statements="34" coveredstatements="32" conditionals="9" coveredconditionals="9" methods="6" coveredmethods="5"/>
      <line num="1" count="1" type="stmt"/>
      <line num="2" count="1" type="cond" truecount="1" falsecount="0"/>
      <line num="3" count="30" type="stmt"/>
      <line num="4" count="30" type="stmt"/>
      <line num="5" count="30" type="cond" truecount="1" falsecount="0"/>
      <line num="6" count="30" type="cond" truecount="1" falsecount="0"/>
      <line num="7" count="22" type="stmt"/>
      <line num="8" count="22" type="stmt"/>
      <line num="9" count="8" type="cond" truecount="1" falsecount="0"/>
      <line num="10" count="8" type="stmt"/>
      <line num="11" count="8" type="stmt"/>
      <line num="12" count="30" type="stmt"/>
      <line num="13" count="30" type="stmt"/>
      <line num="14" count="30" type="cond" truecount="1" falsecount="0"/>
      <line num="15" count="11" type="stmt"/>
      <line num="16" count="11" type="stmt"/>
      <line num="17" count="30" type="stmt"/>
      <line num="18" count="30" type="cond" truecount="1" falsecount="0"/>
      <line num="19" count="49" type="stmt"/>
      <line num="20" count="49" type="cond" truecount="1" falsecount="0"/>
      <line num="21" count="33" type="cond" truecount="1" falsecount="0"/>
      <line num="22" count="33" type="stmt"/>
      <line num="23" count="30" type="stmt"/>
      <line num="24" count="30" type="stmt"/>
      <line num="25" count="0" type="stmt"/>
      <line num="26" count="0" type="stmt"/>
      <line num="27" count="30" type="stmt"/>
      <line num="28" count="30" type="stmt"/>
      <line num="29" count="1" type="stmt"/>
      <line num="30" count="1" type="stmt"/>
      <line num="31" count="1" type="cond" truecount="1" falsecount="0"/>
      <line num="32" count="8" type="stmt"/>
      <line num="33" count="8" type="stmt"/>
      <line num="34" count="1" type="stmt"/>
    </file>
  </project>
</coverage>
