{"/home/ledrake/files/systems_programming/systems_programming_lib/src/functionality/uuid.ts": {"path":"/home/ledrake/files/systems_programming/systems_programming_lib/src/functionality/uuid.ts","all":false,"statementMap":{"0":{"start":{"line":1,"column":0},"end":{"line":1,"column":0}},"1":{"start":{"line":2,"column":0},"end":{"line":2,"column":18}},"2":{"start":{"line":3,"column":0},"end":{"line":3,"column":21}},"3":{"start":{"line":4,"column":0},"end":{"line":4,"column":0}},"4":{"start":{"line":5,"column":0},"end":{"line":5,"column":24}},"5":{"start":{"line":6,"column":0},"end":{"line":6,"column":30}},"6":{"start":{"line":7,"column":0},"end":{"line":7,"column":17}},"7":{"start":{"line":8,"column":0},"end":{"line":8,"column":3}},"8":{"start":{"line":9,"column":0},"end":{"line":9,"column":8}},"9":{"start":{"line":10,"column":0},"end":{"line":10,"column":77}},"10":{"start":{"line":11,"column":0},"end":{"line":11,"column":3}},"11":{"start":{"line":12,"column":0},"end":{"line":12,"column":2}},"12":{"start":{"line":13,"column":0},"end":{"line":13,"column":0}},"13":{"start":{"line":14,"column":0},"end":{"line":14,"column":17}},"14":{"start":{"line":15,"column":0},"end":{"line":15,"column":18}},"15":{"start":{"line":16,"column":0},"end":{"line":16,"column":2}},"16":{"start":{"line":17,"column":0},"end":{"line":17,"column":0}},"17":{"start":{"line":18,"column":0},"end":{"line":18,"column":52}},"18":{"start":{"line":19,"column":0},"end":{"line":19,"column":105}},"19":{"start":{"line":20,"column":0},"end":{"line":20,"column":38}},"20":{"start":{"line":21,"column":0},"end":{"line":21,"column":31}},"21":{"start":{"line":22,"column":0},"end":{"line":22,"column":2}},"22":{"start":{"line":23,"column":0},"end":{"line":23,"column":0}},"23":{"start":{"line":24,"column":0},"end":{"line":24,"column":37}},"24":{"start":{"line":25,"column":0},"end":{"line":25,"column":39}},"25":{"start":{"line":26,"column":0},"end":{"line":26,"column":2}},"26":{"start":{"line":27,"column":0},"end":{"line":27,"column":0}},"27":{"start":{"line":28,"column":0},"end":{"line":28,"column":1}},"28":{"start":{"line":29,"column":0},"end":{"line":29,"column":0}},"29":{"start":{"line":30,"column":0},"end":{"line":30,"column":37}},"30":{"start":{"line":31,"column":0},"end":{"line":31,"column":25}},"31":{"start":{"line":32,"column":0},"end":{"line":32,"column":13}},"32":{"start":{"line":33,"column":0},"end":{"line":33,"column":2}},"33":{"start":{"line":34,"column":0},"end":{"line":34,"column":1}}},"s":{"0":1,"1":1,"2":30,"3":30,"4":30,"5":30,"6":22,"7":22,"8":8,"9":8,"10":8,"11":30,"12":30,"13":30,"14":11,"15":11,"16":30,"17":30,"18":49,"19":49,"20":33,"21":33,"22":30,"23":30,"24":0,"25":0,"26":30,"27":30,"28":1,"29":1,"30":1,"31":8,"32":8,"33":1},"branchMap":{"0":{"type":"branch","line":2,"loc":{"start":{"line":2,"column":6},"end":{"line":28,"column":1}},"locations":[{"start":{"line":2,"column":6},"end":{"line":28,"column":1}}]},"1":{"type":"branch","line":5,"loc":{"start":{"line":5,"column":1},"end":{"line":12,"column":2}},"locations":[{"start":{"line":5,"column":1},"end":{"line":12,"column":2}}]},"2":{"type":"branch","line":6,"loc":{"start":{"line":6,"column":29},"end":{"line":8,"column":3}},"locations":[{"start":{"line":6,"column":29},"end":{"line":8,"column":3}}]},"3":{"type":"branch","line":9,"loc":{"start":{"line":9,"column":-1},"end":{"line":11,"column":3}},"locations":[{"start":{"line":9,"column":-1},"end":{"line":11,"column":3}}]},"4":{"type":"branch","line":14,"loc":{"start":{"line":14,"column":1},"end":{"line":16,"column":2}},"locations":[{"start":{"line":14,"column":1},"end":{"line":16,"column":2}}]},"5":{"type":"branch","line":18,"loc":{"start":{"line":18,"column":15},"end":{"line":22,"column":2}},"locations":[{"start":{"line":18,"column":15},"end":{"line":22,"column":2}}]},"6":{"type":"branch","line":20,"loc":{"start":{"line":20,"column":25},"end":{"line":20,"column":38}},"locations":[{"start":{"line":20,"column":25},"end":{"line":20,"column":38}}]},"7":{"type":"branch","line":21,"loc":{"start":{"line":21,"column":-1},"end":{"line":22,"column":2}},"locations":[{"start":{"line":21,"column":-1},"end":{"line":22,"column":2}}]},"8":{"type":"branch","line":31,"loc":{"start":{"line":31,"column":1},"end":{"line":33,"column":2}},"locations":[{"start":{"line":31,"column":1},"end":{"line":33,"column":2}}]}},"b":{"0":[30],"1":[30],"2":[22],"3":[8],"4":[11],"5":[49],"6":[16],"7":[33],"8":[8]},"fnMap":{"0":{"name":"<instance_members_initializer>","decl":{"start":{"line":2,"column":6},"end":{"line":28,"column":1}},"loc":{"start":{"line":2,"column":6},"end":{"line":28,"column":1}},"line":2},"1":{"name":"UUID","decl":{"start":{"line":5,"column":1},"end":{"line":12,"column":2}},"loc":{"start":{"line":5,"column":1},"end":{"line":12,"column":2}},"line":5},"2":{"name":"get id","decl":{"start":{"line":14,"column":1},"end":{"line":16,"column":2}},"loc":{"start":{"line":14,"column":1},"end":{"line":16,"column":2}},"line":14},"3":{"name":"is_valid_uuid","decl":{"start":{"line":18,"column":15},"end":{"line":22,"column":2}},"loc":{"start":{"line":18,"column":15},"end":{"line":22,"column":2}},"line":18},"4":{"name":"generate_uuid","decl":{"start":{"line":24,"column":15},"end":{"line":26,"column":2}},"loc":{"start":{"line":24,"column":15},"end":{"line":26,"column":2}},"line":24},"5":{"name":"UUIDError","decl":{"start":{"line":31,"column":1},"end":{"line":33,"column":2}},"loc":{"start":{"line":31,"column":1},"end":{"line":33,"column":2}},"line":31}},"f":{"0":30,"1":30,"2":11,"3":49,"4":0,"5":8}}
}
