TN:
SF:src/functionality/uuid.ts
FN:2,<instance_members_initializer>
FN:5,UUID
FN:14,get id
FN:18,is_valid_uuid
FN:24,generate_uuid
FN:31,UUIDError
FNF:6
FNH:5
FNDA:30,<instance_members_initializer>
FNDA:30,UUID
FNDA:11,get id
FNDA:49,is_valid_uuid
FNDA:0,generate_uuid
FNDA:8,UUIDError
DA:1,1
DA:2,1
DA:3,30
DA:4,30
DA:5,30
DA:6,30
DA:7,22
DA:8,22
DA:9,8
DA:10,8
DA:11,8
DA:12,30
DA:13,30
DA:14,30
DA:15,11
DA:16,11
DA:17,30
DA:18,30
DA:19,49
DA:20,49
DA:21,33
DA:22,33
DA:23,30
DA:24,30
DA:25,0
DA:26,0
DA:27,30
DA:28,30
DA:29,1
DA:30,1
DA:31,1
DA:32,8
DA:33,8
DA:34,1
LF:34
LH:32
BRDA:2,0,0,30
BRDA:5,1,0,30
BRDA:6,2,0,22
BRDA:9,3,0,8
BRDA:14,4,0,11
BRDA:18,5,0,49
BRDA:20,6,0,16
BRDA:21,7,0,33
BRDA:31,8,0,8
BRF:9
BRH:9
end_of_record
