{"/home/ledrake/files/systems_programming/checkpoint01/src/functionality/recommender.ts": {"path":"/home/ledrake/files/systems_programming/checkpoint01/src/functionality/recommender.ts","all":false,"statementMap":{"0":{"start":{"line":1,"column":0},"end":{"line":1,"column":33}},"1":{"start":{"line":2,"column":0},"end":{"line":2,"column":43}},"2":{"start":{"line":3,"column":0},"end":{"line":3,"column":41}},"3":{"start":{"line":4,"column":0},"end":{"line":4,"column":0}},"4":{"start":{"line":5,"column":0},"end":{"line":5,"column":35}},"5":{"start":{"line":6,"column":0},"end":{"line":6,"column":60}},"6":{"start":{"line":7,"column":0},"end":{"line":7,"column":0}},"7":{"start":{"line":8,"column":0},"end":{"line":8,"column":0}},"8":{"start":{"line":9,"column":0},"end":{"line":9,"column":90}},"9":{"start":{"line":10,"column":0},"end":{"line":10,"column":60}},"10":{"start":{"line":11,"column":0},"end":{"line":11,"column":2}},"11":{"start":{"line":12,"column":0},"end":{"line":12,"column":0}},"12":{"start":{"line":13,"column":0},"end":{"line":13,"column":45}},"13":{"start":{"line":14,"column":0},"end":{"line":14,"column":50}},"14":{"start":{"line":15,"column":0},"end":{"line":15,"column":95}},"15":{"start":{"line":16,"column":0},"end":{"line":16,"column":3}},"16":{"start":{"line":17,"column":0},"end":{"line":17,"column":0}},"17":{"start":{"line":18,"column":0},"end":{"line":18,"column":59}},"18":{"start":{"line":19,"column":0},"end":{"line":19,"column":2}},"19":{"start":{"line":20,"column":0},"end":{"line":20,"column":1}},"20":{"start":{"line":21,"column":0},"end":{"line":21,"column":0}},"21":{"start":{"line":22,"column":0},"end":{"line":22,"column":39}},"22":{"start":{"line":23,"column":0},"end":{"line":23,"column":30}},"23":{"start":{"line":24,"column":0},"end":{"line":24,"column":1}},"24":{"start":{"line":25,"column":0},"end":{"line":25,"column":0}},"25":{"start":{"line":26,"column":0},"end":{"line":26,"column":71}},"26":{"start":{"line":27,"column":0},"end":{"line":27,"column":24}},"27":{"start":{"line":28,"column":0},"end":{"line":28,"column":0}},"28":{"start":{"line":29,"column":0},"end":{"line":29,"column":16}},"29":{"start":{"line":30,"column":0},"end":{"line":30,"column":23}},"30":{"start":{"line":31,"column":0},"end":{"line":31,"column":32}},"31":{"start":{"line":32,"column":0},"end":{"line":32,"column":27}},"32":{"start":{"line":33,"column":0},"end":{"line":33,"column":32}},"33":{"start":{"line":34,"column":0},"end":{"line":34,"column":70}},"34":{"start":{"line":35,"column":0},"end":{"line":35,"column":28}},"35":{"start":{"line":36,"column":0},"end":{"line":36,"column":34}},"36":{"start":{"line":37,"column":0},"end":{"line":37,"column":40}},"37":{"start":{"line":38,"column":0},"end":{"line":38,"column":4}},"38":{"start":{"line":39,"column":0},"end":{"line":39,"column":0}},"39":{"start":{"line":40,"column":0},"end":{"line":40,"column":117}},"40":{"start":{"line":41,"column":0},"end":{"line":41,"column":2}},"41":{"start":{"line":42,"column":0},"end":{"line":42,"column":41}},"42":{"start":{"line":43,"column":0},"end":{"line":43,"column":0}},"43":{"start":{"line":44,"column":0},"end":{"line":44,"column":21}},"44":{"start":{"line":45,"column":0},"end":{"line":45,"column":2}},"45":{"start":{"line":46,"column":0},"end":{"line":46,"column":0}},"46":{"start":{"line":47,"column":0},"end":{"line":47,"column":1}}},"s":{"0":1,"1":1,"2":1,"3":1,"4":1,"5":1,"6":1,"7":1,"8":1,"9":1,"10":1,"11":1,"12":1,"13":2,"14":1,"15":1,"16":1,"17":1,"18":1,"19":1,"20":1,"21":1,"22":1,"23":1,"24":1,"25":1,"26":1,"27":1,"28":1,"29":1,"30":1,"31":1,"32":1,"33":1,"34":1,"35":1,"36":1,"37":1,"38":1,"39":1,"40":1,"41":1,"42":1,"43":1,"44":1,"45":1,"46":1},"branchMap":{"0":{"type":"branch","line":6,"loc":{"start":{"line":6,"column":9},"end":{"line":6,"column":37}},"locations":[{"start":{"line":6,"column":9},"end":{"line":6,"column":37}}]},"1":{"type":"branch","line":9,"loc":{"start":{"line":9,"column":15},"end":{"line":11,"column":2}},"locations":[{"start":{"line":9,"column":15},"end":{"line":11,"column":2}}]},"2":{"type":"branch","line":13,"loc":{"start":{"line":13,"column":15},"end":{"line":19,"column":2}},"locations":[{"start":{"line":13,"column":15},"end":{"line":19,"column":2}}]},"3":{"type":"branch","line":14,"loc":{"start":{"line":14,"column":49},"end":{"line":19,"column":2}},"locations":[{"start":{"line":14,"column":49},"end":{"line":19,"column":2}}]},"4":{"type":"branch","line":26,"loc":{"start":{"line":26,"column":6},"end":{"line":47,"column":1}},"locations":[{"start":{"line":26,"column":6},"end":{"line":47,"column":1}}]},"5":{"type":"branch","line":29,"loc":{"start":{"line":29,"column":1},"end":{"line":41,"column":2}},"locations":[{"start":{"line":29,"column":1},"end":{"line":41,"column":2}}]},"6":{"type":"branch","line":42,"loc":{"start":{"line":42,"column":8},"end":{"line":45,"column":2}},"locations":[{"start":{"line":42,"column":8},"end":{"line":45,"column":2}}]}},"b":{"0":[1],"1":[1],"2":[2],"3":[1],"4":[1],"5":[1],"6":[1]},"fnMap":{"0":{"name":"<static_initializer>","decl":{"start":{"line":6,"column":9},"end":{"line":6,"column":37}},"loc":{"start":{"line":6,"column":9},"end":{"line":6,"column":37}},"line":6},"1":{"name":"set_recommender_method","decl":{"start":{"line":9,"column":15},"end":{"line":11,"column":2}},"loc":{"start":{"line":9,"column":15},"end":{"line":11,"column":2}},"line":9},"2":{"name":"recommend","decl":{"start":{"line":13,"column":15},"end":{"line":19,"column":2}},"loc":{"start":{"line":13,"column":15},"end":{"line":19,"column":2}},"line":13},"3":{"name":"<instance_members_initializer>","decl":{"start":{"line":26,"column":6},"end":{"line":47,"column":1}},"loc":{"start":{"line":26,"column":6},"end":{"line":47,"column":1}},"line":26},"4":{"name":"MockRecommendationEngine","decl":{"start":{"line":29,"column":1},"end":{"line":41,"column":2}},"loc":{"start":{"line":29,"column":1},"end":{"line":41,"column":2}},"line":29},"5":{"name":"recommend","decl":{"start":{"line":42,"column":8},"end":{"line":45,"column":2}},"loc":{"start":{"line":42,"column":8},"end":{"line":45,"column":2}},"line":42}},"f":{"0":1,"1":1,"2":2,"3":1,"4":1,"5":1}}
,"/home/ledrake/files/systems_programming/checkpoint01/src/functionality/uuid.ts": {"path":"/home/ledrake/files/systems_programming/checkpoint01/src/functionality/uuid.ts","all":false,"statementMap":{"0":{"start":{"line":1,"column":0},"end":{"line":1,"column":0}},"1":{"start":{"line":2,"column":0},"end":{"line":2,"column":19}},"2":{"start":{"line":3,"column":0},"end":{"line":3,"column":20}},"3":{"start":{"line":4,"column":0},"end":{"line":4,"column":0}},"4":{"start":{"line":5,"column":0},"end":{"line":5,"column":25}},"5":{"start":{"line":6,"column":0},"end":{"line":6,"column":31}},"6":{"start":{"line":7,"column":0},"end":{"line":7,"column":17}},"7":{"start":{"line":8,"column":0},"end":{"line":8,"column":3}},"8":{"start":{"line":9,"column":0},"end":{"line":9,"column":8}},"9":{"start":{"line":10,"column":0},"end":{"line":10,"column":77}},"10":{"start":{"line":11,"column":0},"end":{"line":11,"column":3}},"11":{"start":{"line":12,"column":0},"end":{"line":12,"column":2}},"12":{"start":{"line":13,"column":0},"end":{"line":13,"column":0}},"13":{"start":{"line":14,"column":0},"end":{"line":14,"column":18}},"14":{"start":{"line":15,"column":0},"end":{"line":15,"column":18}},"15":{"start":{"line":16,"column":0},"end":{"line":16,"column":2}},"16":{"start":{"line":17,"column":0},"end":{"line":17,"column":0}},"17":{"start":{"line":18,"column":0},"end":{"line":18,"column":53}},"18":{"start":{"line":19,"column":0},"end":{"line":19,"column":105}},"19":{"start":{"line":20,"column":0},"end":{"line":20,"column":38}},"20":{"start":{"line":21,"column":0},"end":{"line":21,"column":31}},"21":{"start":{"line":22,"column":0},"end":{"line":22,"column":2}},"22":{"start":{"line":23,"column":0},"end":{"line":23,"column":0}},"23":{"start":{"line":24,"column":0},"end":{"line":24,"column":1}},"24":{"start":{"line":25,"column":0},"end":{"line":25,"column":0}},"25":{"start":{"line":26,"column":0},"end":{"line":26,"column":37}},"26":{"start":{"line":27,"column":0},"end":{"line":27,"column":26}},"27":{"start":{"line":28,"column":0},"end":{"line":28,"column":13}},"28":{"start":{"line":29,"column":0},"end":{"line":29,"column":0}},"29":{"start":{"line":30,"column":0},"end":{"line":30,"column":2}},"30":{"start":{"line":31,"column":0},"end":{"line":31,"column":1}}},"s":{"0":1,"1":1,"2":33,"3":33,"4":33,"5":33,"6":25,"7":25,"8":8,"9":8,"10":8,"11":33,"12":33,"13":33,"14":11,"15":11,"16":33,"17":33,"18":52,"19":52,"20":36,"21":36,"22":33,"23":33,"24":1,"25":1,"26":1,"27":8,"28":8,"29":8,"30":1},"branchMap":{"0":{"type":"branch","line":2,"loc":{"start":{"line":2,"column":6},"end":{"line":24,"column":1}},"locations":[{"start":{"line":2,"column":6},"end":{"line":24,"column":1}}]},"1":{"type":"branch","line":5,"loc":{"start":{"line":5,"column":1},"end":{"line":12,"column":2}},"locations":[{"start":{"line":5,"column":1},"end":{"line":12,"column":2}}]},"2":{"type":"branch","line":6,"loc":{"start":{"line":6,"column":30},"end":{"line":8,"column":3}},"locations":[{"start":{"line":6,"column":30},"end":{"line":8,"column":3}}]},"3":{"type":"branch","line":9,"loc":{"start":{"line":9,"column":-1},"end":{"line":11,"column":3}},"locations":[{"start":{"line":9,"column":-1},"end":{"line":11,"column":3}}]},"4":{"type":"branch","line":14,"loc":{"start":{"line":14,"column":1},"end":{"line":16,"column":2}},"locations":[{"start":{"line":14,"column":1},"end":{"line":16,"column":2}}]},"5":{"type":"branch","line":18,"loc":{"start":{"line":18,"column":15},"end":{"line":22,"column":2}},"locations":[{"start":{"line":18,"column":15},"end":{"line":22,"column":2}}]},"6":{"type":"branch","line":20,"loc":{"start":{"line":20,"column":25},"end":{"line":20,"column":38}},"locations":[{"start":{"line":20,"column":25},"end":{"line":20,"column":38}}]},"7":{"type":"branch","line":21,"loc":{"start":{"line":21,"column":-1},"end":{"line":22,"column":2}},"locations":[{"start":{"line":21,"column":-1},"end":{"line":22,"column":2}}]},"8":{"type":"branch","line":27,"loc":{"start":{"line":27,"column":1},"end":{"line":30,"column":2}},"locations":[{"start":{"line":27,"column":1},"end":{"line":30,"column":2}}]}},"b":{"0":[33],"1":[33],"2":[25],"3":[8],"4":[11],"5":[52],"6":[16],"7":[36],"8":[8]},"fnMap":{"0":{"name":"<instance_members_initializer>","decl":{"start":{"line":2,"column":6},"end":{"line":24,"column":1}},"loc":{"start":{"line":2,"column":6},"end":{"line":24,"column":1}},"line":2},"1":{"name":"UUID","decl":{"start":{"line":5,"column":1},"end":{"line":12,"column":2}},"loc":{"start":{"line":5,"column":1},"end":{"line":12,"column":2}},"line":5},"2":{"name":"get id","decl":{"start":{"line":14,"column":1},"end":{"line":16,"column":2}},"loc":{"start":{"line":14,"column":1},"end":{"line":16,"column":2}},"line":14},"3":{"name":"is_valid_uuid","decl":{"start":{"line":18,"column":15},"end":{"line":22,"column":2}},"loc":{"start":{"line":18,"column":15},"end":{"line":22,"column":2}},"line":18},"4":{"name":"UUIDError","decl":{"start":{"line":27,"column":1},"end":{"line":30,"column":2}},"loc":{"start":{"line":27,"column":1},"end":{"line":30,"column":2}},"line":27}},"f":{"0":33,"1":33,"2":11,"3":52,"4":8}}
}
