{"/home/ledrake/coding/systems_programming/checkpoint01/src/functionality/uuid.ts": {"path":"/home/ledrake/coding/systems_programming/checkpoint01/src/functionality/uuid.ts","all":false,"statementMap":{"0":{"start":{"line":1,"column":0},"end":{"line":1,"column":0}},"1":{"start":{"line":2,"column":0},"end":{"line":2,"column":17}},"2":{"start":{"line":3,"column":0},"end":{"line":3,"column":1}},"3":{"start":{"line":4,"column":0},"end":{"line":4,"column":20}},"4":{"start":{"line":5,"column":0},"end":{"line":5,"column":0}},"5":{"start":{"line":6,"column":0},"end":{"line":6,"column":23}},"6":{"start":{"line":7,"column":0},"end":{"line":7,"column":2}},"7":{"start":{"line":8,"column":0},"end":{"line":8,"column":29}},"8":{"start":{"line":9,"column":0},"end":{"line":9,"column":3}},"9":{"start":{"line":10,"column":0},"end":{"line":10,"column":17}},"10":{"start":{"line":11,"column":0},"end":{"line":11,"column":3}},"11":{"start":{"line":12,"column":0},"end":{"line":12,"column":6}},"12":{"start":{"line":13,"column":0},"end":{"line":13,"column":3}},"13":{"start":{"line":14,"column":0},"end":{"line":14,"column":73}},"14":{"start":{"line":15,"column":0},"end":{"line":15,"column":3}},"15":{"start":{"line":16,"column":0},"end":{"line":16,"column":2}},"16":{"start":{"line":17,"column":0},"end":{"line":17,"column":0}},"17":{"start":{"line":18,"column":0},"end":{"line":18,"column":16}},"18":{"start":{"line":19,"column":0},"end":{"line":19,"column":2}},"19":{"start":{"line":20,"column":0},"end":{"line":20,"column":18}},"20":{"start":{"line":21,"column":0},"end":{"line":21,"column":2}},"21":{"start":{"line":22,"column":0},"end":{"line":22,"column":0}},"22":{"start":{"line":23,"column":0},"end":{"line":23,"column":51}},"23":{"start":{"line":24,"column":0},"end":{"line":24,"column":2}},"24":{"start":{"line":25,"column":0},"end":{"line":25,"column":105}},"25":{"start":{"line":26,"column":0},"end":{"line":26,"column":38}},"26":{"start":{"line":27,"column":0},"end":{"line":27,"column":31}},"27":{"start":{"line":28,"column":0},"end":{"line":28,"column":2}},"28":{"start":{"line":29,"column":0},"end":{"line":29,"column":0}},"29":{"start":{"line":30,"column":0},"end":{"line":30,"column":1}}},"s":{"0":1,"1":1,"2":30,"3":30,"4":30,"5":30,"6":30,"7":30,"8":30,"9":22,"10":22,"11":8,"12":8,"13":8,"14":8,"15":30,"16":30,"17":30,"18":11,"19":11,"20":11,"21":30,"22":30,"23":49,"24":49,"25":49,"26":33,"27":33,"28":30,"29":30},"branchMap":{"0":{"type":"branch","line":2,"loc":{"start":{"line":2,"column":6},"end":{"line":30,"column":1}},"locations":[{"start":{"line":2,"column":6},"end":{"line":30,"column":1}}]},"1":{"type":"branch","line":6,"loc":{"start":{"line":6,"column":1},"end":{"line":16,"column":2}},"locations":[{"start":{"line":6,"column":1},"end":{"line":16,"column":2}}]},"2":{"type":"branch","line":9,"loc":{"start":{"line":9,"column":2},"end":{"line":11,"column":3}},"locations":[{"start":{"line":9,"column":2},"end":{"line":11,"column":3}}]},"3":{"type":"branch","line":12,"loc":{"start":{"line":12,"column":-1},"end":{"line":15,"column":3}},"locations":[{"start":{"line":12,"column":-1},"end":{"line":15,"column":3}}]},"4":{"type":"branch","line":18,"loc":{"start":{"line":18,"column":1},"end":{"line":21,"column":2}},"locations":[{"start":{"line":18,"column":1},"end":{"line":21,"column":2}}]},"5":{"type":"branch","line":23,"loc":{"start":{"line":23,"column":15},"end":{"line":28,"column":2}},"locations":[{"start":{"line":23,"column":15},"end":{"line":28,"column":2}}]},"6":{"type":"branch","line":26,"loc":{"start":{"line":26,"column":25},"end":{"line":26,"column":38}},"locations":[{"start":{"line":26,"column":25},"end":{"line":26,"column":38}}]},"7":{"type":"branch","line":27,"loc":{"start":{"line":27,"column":-1},"end":{"line":28,"column":2}},"locations":[{"start":{"line":27,"column":-1},"end":{"line":28,"column":2}}]}},"b":{"0":[30],"1":[30],"2":[22],"3":[8],"4":[11],"5":[49],"6":[16],"7":[33]},"fnMap":{"0":{"name":"<instance_members_initializer>","decl":{"start":{"line":2,"column":6},"end":{"line":30,"column":1}},"loc":{"start":{"line":2,"column":6},"end":{"line":30,"column":1}},"line":2},"1":{"name":"UUID","decl":{"start":{"line":6,"column":1},"end":{"line":16,"column":2}},"loc":{"start":{"line":6,"column":1},"end":{"line":16,"column":2}},"line":6},"2":{"name":"get id","decl":{"start":{"line":18,"column":1},"end":{"line":21,"column":2}},"loc":{"start":{"line":18,"column":1},"end":{"line":21,"column":2}},"line":18},"3":{"name":"is_valid_uuid","decl":{"start":{"line":23,"column":15},"end":{"line":28,"column":2}},"loc":{"start":{"line":23,"column":15},"end":{"line":28,"column":2}},"line":23}},"f":{"0":30,"1":30,"2":11,"3":49}}
}
