TN:
SF:src/functionality/recommender.ts
FN:6,<static_initializer>
FN:9,set_recommender_method
FN:13,recommend
FN:23,RecommenderError
FN:31,<instance_members_initializer>
FN:34,DummyRecommendationEngine
FN:47,recommend
FNF:7
FNH:7
FNDA:1,<static_initializer>
FNDA:1,set_recommender_method
FNDA:2,recommend
FNDA:1,RecommenderError
FNDA:1,<instance_members_initializer>
FNDA:1,DummyRecommendationEngine
FNDA:1,recommend
DA:1,1
DA:2,1
DA:3,1
DA:4,1
DA:5,1
DA:6,1
DA:7,1
DA:8,1
DA:9,1
DA:10,1
DA:11,1
DA:12,1
DA:13,1
DA:14,2
DA:15,1
DA:16,1
DA:17,1
DA:18,1
DA:19,1
DA:20,1
DA:21,1
DA:22,1
DA:23,1
DA:24,1
DA:25,1
DA:26,1
DA:27,1
DA:28,1
DA:29,1
DA:30,1
DA:31,1
DA:32,1
DA:33,1
DA:34,1
DA:35,1
DA:36,1
DA:37,1
DA:38,1
DA:39,1
DA:40,1
DA:41,1
DA:42,1
DA:43,1
DA:44,1
DA:45,1
DA:46,1
DA:47,1
DA:48,1
DA:49,1
DA:50,1
DA:51,1
DA:52,1
LF:52
LH:52
BRDA:6,0,0,1
BRDA:9,1,0,1
BRDA:13,2,0,2
BRDA:14,3,0,1
BRDA:23,4,0,1
BRDA:31,5,0,1
BRDA:34,6,0,1
BRDA:47,7,0,1
BRF:8
BRH:8
end_of_record
TN:
SF:src/functionality/uuid.ts
FN:2,<instance_members_initializer>
FN:5,UUID
FN:14,get id
FN:18,is_valid_uuid
FN:27,UUIDError
FNF:5
FNH:5
FNDA:33,<instance_members_initializer>
FNDA:33,UUID
FNDA:11,get id
FNDA:52,is_valid_uuid
FNDA:8,UUIDError
DA:1,1
DA:2,1
DA:3,33
DA:4,33
DA:5,33
DA:6,33
DA:7,25
DA:8,25
DA:9,8
DA:10,8
DA:11,8
DA:12,33
DA:13,33
DA:14,33
DA:15,11
DA:16,11
DA:17,33
DA:18,33
DA:19,52
DA:20,52
DA:21,36
DA:22,36
DA:23,33
DA:24,33
DA:25,1
DA:26,1
DA:27,1
DA:28,8
DA:29,8
DA:30,1
LF:30
LH:30
BRDA:2,0,0,33
BRDA:5,1,0,33
BRDA:6,2,0,25
BRDA:9,3,0,8
BRDA:14,4,0,11
BRDA:18,5,0,52
BRDA:20,6,0,16
BRDA:21,7,0,36
BRDA:27,8,0,8
BRF:9
BRH:9
end_of_record
