TN:
SF:src/functionality/uuid.ts
FN:2,<instance_members_initializer>
FN:6,UUID
FN:18,get id
FN:23,is_valid_uuid
FNF:4
FNH:4
FNDA:30,<instance_members_initializer>
FNDA:30,UUID
FNDA:11,get id
FNDA:49,is_valid_uuid
DA:1,1
DA:2,1
DA:3,30
DA:4,30
DA:5,30
DA:6,30
DA:7,30
DA:8,30
DA:9,30
DA:10,22
DA:11,22
DA:12,8
DA:13,8
DA:14,8
DA:15,8
DA:16,30
DA:17,30
DA:18,30
DA:19,11
DA:20,11
DA:21,11
DA:22,30
DA:23,30
DA:24,49
DA:25,49
DA:26,49
DA:27,33
DA:28,33
DA:29,30
DA:30,30
LF:30
LH:30
BRDA:2,0,0,30
BRDA:6,1,0,30
BRDA:9,2,0,22
BRDA:12,3,0,8
BRDA:18,4,0,11
BRDA:23,5,0,49
BRDA:26,6,0,16
BRDA:27,7,0,33
BRF:8
BRH:8
end_of_record
